{
  "stats": {
    "suites": 2,
    "tests": 11,
    "passes": 10,
    "pending": 0,
    "failures": 1,
    "start": "2022-07-07T14:15:06.275Z",
    "end": "2022-07-07T14:15:09.962Z",
    "duration": 3687,
    "testsRegistered": 11,
    "passPercent": 90.9090909090909,
    "pendingPercent": 0,
    "other": 0,
    "hasOther": false,
    "skipped": 0,
    "hasSkipped": false
  },
  "results": [
    {
      "uuid": "fd876ad9-698b-4e8c-977f-248d4e461927",
      "title": "",
      "fullFile": "",
      "file": "",
      "beforeHooks": [],
      "afterHooks": [],
      "tests": [],
      "suites": [
        {
          "uuid": "daab9be4-8726-470f-992a-76d37eab7265",
          "title": "Names Test Suite",
          "fullFile": "D:\\Automation\\JS-api-testing\\src\\tests\\names.spec.js",
          "file": "\\src\\tests\\names.spec.js",
          "beforeHooks": [],
          "afterHooks": [],
          "tests": [
            {
              "title": "Should Authenticate",
              "fullTitle": "Names Test Suite Should Authenticate",
              "timedOut": false,
              "duration": 1294,
              "state": "passed",
              "speed": "slow",
              "pass": true,
              "fail": false,
              "pending": false,
              "context": null,
              "code": "const response = await fetch(\n\t`${BASE_URL}/api/login.php?username=tester&password=passw0rd`,\n\t{ method: 'POST' }\n);\nexpect(response.status).eq(200);\naccessToken = response.headers.get('access-token');\nexpect(accessToken).is.not.undefined;",
              "err": {},
              "uuid": "d6f13106-216d-4e07-860e-ca3283468506",
              "parentUUID": "daab9be4-8726-470f-992a-76d37eab7265",
              "isHook": false,
              "skipped": false
            },
            {
              "title": "Should not fetch Names if not authenticated",
              "fullTitle": "Names Test Suite Should not fetch Names if not authenticated",
              "timedOut": false,
              "duration": 366,
              "state": "passed",
              "speed": "slow",
              "pass": true,
              "fail": false,
              "pending": false,
              "context": null,
              "code": "const response = await fetch(`${BASE_URL}/api/names.php`);\nexpect(response.status).eq(401);",
              "err": {},
              "uuid": "231ae229-5925-4730-a55d-86ff978c05b0",
              "parentUUID": "daab9be4-8726-470f-992a-76d37eab7265",
              "isHook": false,
              "skipped": false
            },
            {
              "title": "Should fetch Names if authenticated",
              "fullTitle": "Names Test Suite Should fetch Names if authenticated",
              "timedOut": false,
              "duration": 445,
              "state": "passed",
              "speed": "slow",
              "pass": true,
              "fail": false,
              "pending": false,
              "context": null,
              "code": "const response = await fetch(`${BASE_URL}/api/names.php`, {\n\theaders: { 'access-token': accessToken },\n});\nexpect(response.status).eq(200);\nconst jsonBody = await response.json();\n\nconsole.log(`jsonBody: ${JSON.stringify(jsonBody)}`);\n\nexpect(jsonBody).to.be.an('array').with.lengthOf(4);\nexpect(jsonBody).deep.equals([\n\t'Ford Fiesta',\n\t'BMW X5',\n\t'Porsche 911',\n\t'Lamborghini'\n]);",
              "err": {},
              "uuid": "1a593b0b-9887-4305-95b9-61b3f96baf2c",
              "parentUUID": "daab9be4-8726-470f-992a-76d37eab7265",
              "isHook": false,
              "skipped": false
            }
          ],
          "suites": [],
          "passes": [
            "d6f13106-216d-4e07-860e-ca3283468506",
            "231ae229-5925-4730-a55d-86ff978c05b0",
            "1a593b0b-9887-4305-95b9-61b3f96baf2c"
          ],
          "failures": [],
          "pending": [],
          "skipped": [],
          "duration": 2105,
          "root": false,
          "rootEmpty": false,
          "_timeout": 2000
        },
        {
          "uuid": "5ccb8964-19e0-400b-81d9-0f84209ea27f",
          "title": "Fetch users",
          "fullFile": "D:\\Automation\\JS-api-testing\\src\\tests\\users.spec.js",
          "file": "\\src\\tests\\users.spec.js",
          "beforeHooks": [],
          "afterHooks": [],
          "tests": [
            {
              "title": "GET call - Should fetch users",
              "fullTitle": "Fetch users GET call - Should fetch users",
              "timedOut": false,
              "duration": 109,
              "state": "passed",
              "speed": "slow",
              "pass": true,
              "fail": false,
              "pending": false,
              "context": null,
              "code": "const response = await fetch(`${BASE_URL}/api/users`,\n        { method: 'GET' });\nexpect(response.status).eq(200);",
              "err": {},
              "uuid": "6aa4d088-fd2a-42fb-b4ee-321f9b0cb0fd",
              "parentUUID": "5ccb8964-19e0-400b-81d9-0f84209ea27f",
              "isHook": false,
              "skipped": false
            },
            {
              "title": "GET call - Should return 404",
              "fullTitle": "Fetch users GET call - Should return 404",
              "timedOut": false,
              "duration": 189,
              "state": "passed",
              "speed": "slow",
              "pass": true,
              "fail": false,
              "pending": false,
              "context": null,
              "code": "const response = await fetch(`${BASE_URL}/api`,\n{method: 'GET'});\nexpect(response.status).eq(404);",
              "err": {},
              "uuid": "24741900-dd65-4b63-8f70-629067d0e194",
              "parentUUID": "5ccb8964-19e0-400b-81d9-0f84209ea27f",
              "isHook": false,
              "skipped": false
            },
            {
              "title": "POST call - Should return 201 - Created",
              "fullTitle": "Fetch users POST call - Should return 201 - Created",
              "timedOut": false,
              "duration": 201,
              "state": "passed",
              "speed": "slow",
              "pass": true,
              "fail": false,
              "pending": false,
              "context": null,
              "code": "const response = await fetch(`${BASE_URL}/api/users`,\n{method : 'POST'},\n{body: JSON.stringify(payload)});\nexpect(response.status).eq(201);",
              "err": {},
              "uuid": "ac091ec0-8f68-4d5e-a911-90dc31957b01",
              "parentUUID": "5ccb8964-19e0-400b-81d9-0f84209ea27f",
              "isHook": false,
              "skipped": false
            },
            {
              "title": "PUT call - Should return 200",
              "fullTitle": "Fetch users PUT call - Should return 200",
              "timedOut": false,
              "duration": 205,
              "state": "passed",
              "speed": "slow",
              "pass": true,
              "fail": false,
              "pending": false,
              "context": null,
              "code": "const response = await fetch(`${BASE_URL}/api/users/2`,\n{method : 'PUT'},\n{body: JSON.stringify(updateJson)});\nexpect(response.status).eq(200);\nconst jsonBody = await response.json();\n\t\t\n\t\tconsole.log(`jsonBody: ${JSON.stringify(jsonBody)}`);\nexpect(jsonBody).to.be.an('object');",
              "err": {},
              "uuid": "604d5d1c-0fc0-4360-938a-07d5258fe42b",
              "parentUUID": "5ccb8964-19e0-400b-81d9-0f84209ea27f",
              "isHook": false,
              "skipped": false
            },
            {
              "title": "PATCH call - Should return 200",
              "fullTitle": "Fetch users PATCH call - Should return 200",
              "timedOut": false,
              "duration": 306,
              "state": "passed",
              "speed": "slow",
              "pass": true,
              "fail": false,
              "pending": false,
              "context": null,
              "code": "const response = await fetch(`${BASE_URL}/api/users/2`,\n{method : 'PATCH'},\n{body: JSON.stringify(updateJson)});\nexpect(response.status).eq(200);\nconst jsonBody = await response.json();\n\t\t\n\t\tconsole.log(`jsonBody: ${JSON.stringify(jsonBody)}`);\nexpect(jsonBody).to.be.an('object');",
              "err": {},
              "uuid": "f0a5b0cf-3a33-455c-845c-252e8300202f",
              "parentUUID": "5ccb8964-19e0-400b-81d9-0f84209ea27f",
              "isHook": false,
              "skipped": false
            },
            {
              "title": "DELETE call - Should return 204",
              "fullTitle": "Fetch users DELETE call - Should return 204",
              "timedOut": false,
              "duration": 203,
              "state": "passed",
              "speed": "slow",
              "pass": true,
              "fail": false,
              "pending": false,
              "context": null,
              "code": "const response = await fetch(`${BASE_URL}/api/users/2`,\n{method: 'DELETE'});\nexpect(response.status).eq(204);",
              "err": {},
              "uuid": "929c44ff-da3f-4d99-9b0c-a4fb7ec7a4ce",
              "parentUUID": "5ccb8964-19e0-400b-81d9-0f84209ea27f",
              "isHook": false,
              "skipped": false
            },
            {
              "title": "POST call for Register - Should return 200",
              "fullTitle": "Fetch users POST call for Register - Should return 200",
              "timedOut": false,
              "duration": 203,
              "state": "passed",
              "speed": "slow",
              "pass": true,
              "fail": false,
              "pending": false,
              "context": null,
              "code": "const response = await fetch(`${BASE_URL}/api/users/register`,\n{method: 'PUT'},\n{body: JSON.stringify(register.json)});\nexpect(response.status).eq(200);",
              "err": {},
              "uuid": "618eca63-92e3-4443-b712-cdd7c8f3a62c",
              "parentUUID": "5ccb8964-19e0-400b-81d9-0f84209ea27f",
              "isHook": false,
              "skipped": false
            },
            {
              "title": "POST call for Register - Should return 400",
              "fullTitle": "Fetch users POST call for Register - Should return 400",
              "timedOut": false,
              "duration": 142,
              "state": "failed",
              "speed": null,
              "pass": false,
              "fail": true,
              "pending": false,
              "context": null,
              "code": "const response = await fetch(`${BASE_URL}/api/users/register`,\n{method: 'POST'},\n{body: JSON.stringify({ \"email\": \"sydney@fife\"})});\nexpect(response.status).eq(400);",
              "err": {
                "message": "AssertionError: expected 201 to equal 400",
                "estack": "AssertionError: expected 201 to equal 400\n    at Context.<anonymous> (file:///D:/Automation/JS-api-testing/src/tests/users.spec.js:74:33)\n    at processTicksAndRejections (node:internal/process/task_queues:96:5)",
                "diff": "- 201\n+ 400\n"
              },
              "uuid": "0b918f98-baaf-48e1-9b5b-640ae1fcac11",
              "parentUUID": "5ccb8964-19e0-400b-81d9-0f84209ea27f",
              "isHook": false,
              "skipped": false
            }
          ],
          "suites": [],
          "passes": [
            "6aa4d088-fd2a-42fb-b4ee-321f9b0cb0fd",
            "24741900-dd65-4b63-8f70-629067d0e194",
            "ac091ec0-8f68-4d5e-a911-90dc31957b01",
            "604d5d1c-0fc0-4360-938a-07d5258fe42b",
            "f0a5b0cf-3a33-455c-845c-252e8300202f",
            "929c44ff-da3f-4d99-9b0c-a4fb7ec7a4ce",
            "618eca63-92e3-4443-b712-cdd7c8f3a62c"
          ],
          "failures": [
            "0b918f98-baaf-48e1-9b5b-640ae1fcac11"
          ],
          "pending": [],
          "skipped": [],
          "duration": 1558,
          "root": false,
          "rootEmpty": false,
          "_timeout": 2000
        }
      ],
      "passes": [],
      "failures": [],
      "pending": [],
      "skipped": [],
      "duration": 0,
      "root": true,
      "rootEmpty": true,
      "_timeout": 2000
    }
  ],
  "meta": {
    "mocha": {
      "version": "9.2.2"
    },
    "mochawesome": {
      "options": {
        "quiet": false,
        "reportFilename": "mochawesome",
        "saveHtml": true,
        "saveJson": true,
        "consoleReporter": "spec",
        "useInlineDiffs": false,
        "code": true
      },
      "version": "7.1.3"
    },
    "marge": {
      "options": null,
      "version": "6.2.0"
    }
  }
}