{
  "stats": {
    "suites": 1,
    "tests": 9,
    "passes": 8,
    "pending": 0,
    "failures": 1,
    "start": "2022-07-08T06:58:40.015Z",
    "end": "2022-07-08T06:58:41.417Z",
    "duration": 1402,
    "testsRegistered": 9,
    "passPercent": 88.88888888888889,
    "pendingPercent": 0,
    "other": 0,
    "hasOther": false,
    "skipped": 0,
    "hasSkipped": false
  },
  "results": [
    {
      "uuid": "bf25588b-c849-4e92-b6c7-ff2dafc76135",
      "title": "",
      "fullFile": "D:\\Automation\\JS-api-testing\\src\\tests\\users.spec.js",
      "file": "\\src\\tests\\users.spec.js",
      "beforeHooks": [],
      "afterHooks": [],
      "tests": [],
      "suites": [
        {
          "uuid": "5a511861-703d-4b4e-893e-bb3d2a7c76ac",
          "title": "Reqres API Tests",
          "fullFile": "D:\\Automation\\JS-api-testing\\src\\tests\\users.spec.js",
          "file": "\\src\\tests\\users.spec.js",
          "beforeHooks": [],
          "afterHooks": [],
          "tests": [
            {
              "title": "GET call - Should get users and return 200",
              "fullTitle": "Reqres API Tests GET call - Should get users and return 200",
              "timedOut": false,
              "duration": 108,
              "state": "passed",
              "speed": "slow",
              "pass": true,
              "fail": false,
              "pending": false,
              "context": null,
              "code": "const response = await fetch(`${BASE_URL}/api/users`,\n        { method: 'GET' });\nexpect(response.status).eq(200);",
              "err": {},
              "uuid": "a45e7ac6-fa43-40e7-a08e-ceb217e26f4f",
              "parentUUID": "5a511861-703d-4b4e-893e-bb3d2a7c76ac",
              "isHook": false,
              "skipped": false
            },
            {
              "title": "GET call - Should return 404",
              "fullTitle": "Reqres API Tests GET call - Should return 404",
              "timedOut": false,
              "duration": 243,
              "state": "passed",
              "speed": "slow",
              "pass": true,
              "fail": false,
              "pending": false,
              "context": null,
              "code": "const response = await fetch(`${BASE_URL}/api`,\n{method: 'GET'});\nexpect(response.status).eq(404);",
              "err": {},
              "uuid": "3f58352f-1831-4287-a5fd-914184ba91d4",
              "parentUUID": "5a511861-703d-4b4e-893e-bb3d2a7c76ac",
              "isHook": false,
              "skipped": false
            },
            {
              "title": "POST call - Should return 201 - Created",
              "fullTitle": "Reqres API Tests POST call - Should return 201 - Created",
              "timedOut": false,
              "duration": 202,
              "state": "passed",
              "speed": "slow",
              "pass": true,
              "fail": false,
              "pending": false,
              "context": null,
              "code": "const response = await fetch(`${BASE_URL}/api/users`,\n{method : 'POST'},\n{body: JSON.stringify(payload)});\nexpect(response.status).eq(201);",
              "err": {},
              "uuid": "2f461dcc-2e35-4210-b611-0398abbf6bb9",
              "parentUUID": "5a511861-703d-4b4e-893e-bb3d2a7c76ac",
              "isHook": false,
              "skipped": false
            },
            {
              "title": "PUT call - Should return 200",
              "fullTitle": "Reqres API Tests PUT call - Should return 200",
              "timedOut": false,
              "duration": 134,
              "state": "passed",
              "speed": "slow",
              "pass": true,
              "fail": false,
              "pending": false,
              "context": null,
              "code": "const response = await fetch(`${BASE_URL}/api/users/2`,\n{method : 'PUT'},\n{body: JSON.stringify(updateJson)});\nexpect(response.status).eq(200);\nconst jsonBody = await response.json();\nexpect(jsonBody).to.be.an('object');",
              "err": {},
              "uuid": "5baf96a9-4ec8-44b7-8f7a-72a8d811418e",
              "parentUUID": "5a511861-703d-4b4e-893e-bb3d2a7c76ac",
              "isHook": false,
              "skipped": false
            },
            {
              "title": "PATCH call - Should return 200",
              "fullTitle": "Reqres API Tests PATCH call - Should return 200",
              "timedOut": false,
              "duration": 137,
              "state": "passed",
              "speed": "slow",
              "pass": true,
              "fail": false,
              "pending": false,
              "context": null,
              "code": "const response = await fetch(`${BASE_URL}/api/users/2`,\n{method : 'PATCH'},\n{body: JSON.stringify(updateJson)});\nexpect(response.status).eq(200);\nconst jsonBody = await response.json();\nexpect(jsonBody).to.be.an('object');",
              "err": {},
              "uuid": "95713477-f7f9-489b-85a5-3e4bf0e4a4f5",
              "parentUUID": "5a511861-703d-4b4e-893e-bb3d2a7c76ac",
              "isHook": false,
              "skipped": false
            },
            {
              "title": "DELETE call - Should return 204",
              "fullTitle": "Reqres API Tests DELETE call - Should return 204",
              "timedOut": false,
              "duration": 131,
              "state": "passed",
              "speed": "slow",
              "pass": true,
              "fail": false,
              "pending": false,
              "context": null,
              "code": "const response = await fetch(`${BASE_URL}/api/users/2`,\n{method: 'DELETE'});\nexpect(response.status).eq(204);",
              "err": {},
              "uuid": "b785e541-7769-4153-b129-6f9cccaca2d7",
              "parentUUID": "5a511861-703d-4b4e-893e-bb3d2a7c76ac",
              "isHook": false,
              "skipped": false
            },
            {
              "title": "POST call for Register - Should return 200",
              "fullTitle": "Reqres API Tests POST call for Register - Should return 200",
              "timedOut": false,
              "duration": 140,
              "state": "passed",
              "speed": "slow",
              "pass": true,
              "fail": false,
              "pending": false,
              "context": null,
              "code": "const response = await fetch(`${BASE_URL}/api/users/register`,\n{method: 'PUT'},\n{body: JSON.stringify(register.json)});\nexpect(response.status).eq(200);",
              "err": {},
              "uuid": "b3e309d6-e061-454f-8257-c444b20d066e",
              "parentUUID": "5a511861-703d-4b4e-893e-bb3d2a7c76ac",
              "isHook": false,
              "skipped": false
            },
            {
              "title": "POST call for Register - Should return 400",
              "fullTitle": "Reqres API Tests POST call for Register - Should return 400",
              "timedOut": false,
              "duration": 131,
              "state": "failed",
              "speed": null,
              "pass": false,
              "fail": true,
              "pending": false,
              "context": null,
              "code": "const response = await fetch(`${BASE_URL}/api/users/register`,\n{method: 'POST'},\n{body: JSON.stringify({ \"email\": \"sydney@fife\"})});\nexpect(response.status).eq(400);",
              "err": {
                "message": "AssertionError: expected 201 to equal 400",
                "estack": "AssertionError: expected 201 to equal 400\n    at Context.<anonymous> (file:///D:/Automation/JS-api-testing/src/tests/users.spec.js:68:33)\n    at processTicksAndRejections (node:internal/process/task_queues:96:5)",
                "diff": "- 201\n+ 400\n"
              },
              "uuid": "4120d9c1-1baf-4ad2-9d56-c3f70f7a43bb",
              "parentUUID": "5a511861-703d-4b4e-893e-bb3d2a7c76ac",
              "isHook": false,
              "skipped": false
            },
            {
              "title": "DELETE call for Register - Should return 204",
              "fullTitle": "Reqres API Tests DELETE call for Register - Should return 204",
              "timedOut": false,
              "duration": 148,
              "state": "passed",
              "speed": "slow",
              "pass": true,
              "fail": false,
              "pending": false,
              "context": null,
              "code": "const response = await fetch(`${BASE_URL}/api/users/2`,\n{method: 'DELETE'});\nexpect(response.status).eq(204);",
              "err": {},
              "uuid": "4b25de71-3db5-4ac4-b21e-1efef3eeb97f",
              "parentUUID": "5a511861-703d-4b4e-893e-bb3d2a7c76ac",
              "isHook": false,
              "skipped": false
            }
          ],
          "suites": [],
          "passes": [
            "a45e7ac6-fa43-40e7-a08e-ceb217e26f4f",
            "3f58352f-1831-4287-a5fd-914184ba91d4",
            "2f461dcc-2e35-4210-b611-0398abbf6bb9",
            "5baf96a9-4ec8-44b7-8f7a-72a8d811418e",
            "95713477-f7f9-489b-85a5-3e4bf0e4a4f5",
            "b785e541-7769-4153-b129-6f9cccaca2d7",
            "b3e309d6-e061-454f-8257-c444b20d066e",
            "4b25de71-3db5-4ac4-b21e-1efef3eeb97f"
          ],
          "failures": [
            "4120d9c1-1baf-4ad2-9d56-c3f70f7a43bb"
          ],
          "pending": [],
          "skipped": [],
          "duration": 1374,
          "root": false,
          "rootEmpty": false,
          "_timeout": 2000
        }
      ],
      "passes": [],
      "failures": [],
      "pending": [],
      "skipped": [],
      "duration": 0,
      "root": true,
      "rootEmpty": true,
      "_timeout": 2000
    }
  ],
  "meta": {
    "mocha": {
      "version": "9.2.2"
    },
    "mochawesome": {
      "options": {
        "quiet": false,
        "reportFilename": "mochawesome",
        "saveHtml": true,
        "saveJson": true,
        "consoleReporter": "spec",
        "useInlineDiffs": false,
        "code": true
      },
      "version": "7.1.3"
    },
    "marge": {
      "options": null,
      "version": "6.2.0"
    }
  }
}